<?xml version="1.0" encoding="UTF-8"?>
<!-- Generated by org.testng.reporters.JUnitXMLReporter -->
<testsuite hostname="LAPTOP-MJBTG76S" ignored="0" name="Test" tests="10" failures="0" timestamp="04 Jul 2020 11:05:05 GMT" time="0.091" errors="0">
  <testcase name="testOne" time="0.013" classname="mavenFramworkCommandPrompt.mavenFramworkCommandPrompt.SheetalTest1"/>
  <testcase name="testTwo" time="0.0" classname="mavenFramworkCommandPrompt.mavenFramworkCommandPrompt.SheetalTest1"/>
  <testcase name="testFour" time="0.001" classname="mavenFramworkCommandPrompt.mavenFramworkCommandPrompt.SheetalTest2"/>
  <testcase name="testThree" time="0.0" classname="mavenFramworkCommandPrompt.mavenFramworkCommandPrompt.SheetalTest2"/>
  <testcase name="testFive" time="0.001" classname="mavenFramworkCommandPrompt.mavenFramworkCommandPrompt.SheetalTest3"/>
  <testcase name="testSix" time="0.001" classname="mavenFramworkCommandPrompt.mavenFramworkCommandPrompt.SheetalTest3"/>
  <testcase name="testEight" time="0.001" classname="mavenFramworkCommandPrompt.mavenFramworkCommandPrompt.SheetalTest4"/>
  <testcase name="testSeven" time="0.0" classname="mavenFramworkCommandPrompt.mavenFramworkCommandPrompt.SheetalTest4"/>
  <testcase name="testNine" time="0.0" classname="mavenFramworkCommandPrompt.mavenFramworkCommandPrompt.Sheetal5"/>
  <testcase name="testTen" time="0.0" classname="mavenFramworkCommandPrompt.mavenFramworkCommandPrompt.Sheetal5"/>
</testsuite> <!-- Test -->
