<?xml version="1.0" encoding="UTF-8"?>
<testng-results skipped="0" failed="0" ignored="0" total="10" passed="10">
  <reporter-output>
  </reporter-output>
  <suite name="Suite" duration-ms="91" started-at="2020-07-04T11:05:05Z" finished-at="2020-07-04T11:05:05Z">
    <groups>
    </groups>
    <test name="Test" duration-ms="91" started-at="2020-07-04T11:05:05Z" finished-at="2020-07-04T11:05:05Z">
      <class name="mavenFramworkCommandPrompt.mavenFramworkCommandPrompt.SheetalTest3">
        <test-method status="PASS" signature="testFive()[pri:0, instance:mavenFramworkCommandPrompt.mavenFramworkCommandPrompt.SheetalTest3@783e6358]" name="testFive" duration-ms="1" started-at="2020-07-04T16:35:05Z" finished-at="2020-07-04T16:35:05Z">
          <reporter-output>
          </reporter-output>
        </test-method> <!-- testFive -->
        <test-method status="PASS" signature="testSix()[pri:0, instance:mavenFramworkCommandPrompt.mavenFramworkCommandPrompt.SheetalTest3@783e6358]" name="testSix" duration-ms="1" started-at="2020-07-04T16:35:05Z" finished-at="2020-07-04T16:35:05Z">
          <reporter-output>
          </reporter-output>
        </test-method> <!-- testSix -->
      </class> <!-- mavenFramworkCommandPrompt.mavenFramworkCommandPrompt.SheetalTest3 -->
      <class name="mavenFramworkCommandPrompt.mavenFramworkCommandPrompt.SheetalTest2">
        <test-method status="PASS" signature="testFour()[pri:0, instance:mavenFramworkCommandPrompt.mavenFramworkCommandPrompt.SheetalTest2@4e04a765]" name="testFour" duration-ms="1" started-at="2020-07-04T16:35:05Z" finished-at="2020-07-04T16:35:05Z">
          <reporter-output>
          </reporter-output>
        </test-method> <!-- testFour -->
        <test-method status="PASS" signature="testThree()[pri:0, instance:mavenFramworkCommandPrompt.mavenFramworkCommandPrompt.SheetalTest2@4e04a765]" name="testThree" duration-ms="0" started-at="2020-07-04T16:35:05Z" finished-at="2020-07-04T16:35:05Z">
          <reporter-output>
          </reporter-output>
        </test-method> <!-- testThree -->
      </class> <!-- mavenFramworkCommandPrompt.mavenFramworkCommandPrompt.SheetalTest2 -->
      <class name="mavenFramworkCommandPrompt.mavenFramworkCommandPrompt.SheetalTest1">
        <test-method status="PASS" signature="testOne()[pri:0, instance:mavenFramworkCommandPrompt.mavenFramworkCommandPrompt.SheetalTest1@3b81a1bc]" name="testOne" duration-ms="13" started-at="2020-07-04T16:35:05Z" finished-at="2020-07-04T16:35:05Z">
          <reporter-output>
          </reporter-output>
        </test-method> <!-- testOne -->
        <test-method status="PASS" signature="testTwo()[pri:0, instance:mavenFramworkCommandPrompt.mavenFramworkCommandPrompt.SheetalTest1@3b81a1bc]" name="testTwo" duration-ms="0" started-at="2020-07-04T16:35:05Z" finished-at="2020-07-04T16:35:05Z">
          <reporter-output>
          </reporter-output>
        </test-method> <!-- testTwo -->
      </class> <!-- mavenFramworkCommandPrompt.mavenFramworkCommandPrompt.SheetalTest1 -->
      <class name="mavenFramworkCommandPrompt.mavenFramworkCommandPrompt.Sheetal5">
        <test-method status="PASS" signature="testNine()[pri:0, instance:mavenFramworkCommandPrompt.mavenFramworkCommandPrompt.Sheetal5@735f7ae5]" name="testNine" duration-ms="0" started-at="2020-07-04T16:35:05Z" finished-at="2020-07-04T16:35:05Z">
          <reporter-output>
          </reporter-output>
        </test-method> <!-- testNine -->
        <test-method status="PASS" signature="testTen()[pri:0, instance:mavenFramworkCommandPrompt.mavenFramworkCommandPrompt.Sheetal5@735f7ae5]" name="testTen" duration-ms="0" started-at="2020-07-04T16:35:05Z" finished-at="2020-07-04T16:35:05Z">
          <reporter-output>
          </reporter-output>
        </test-method> <!-- testTen -->
      </class> <!-- mavenFramworkCommandPrompt.mavenFramworkCommandPrompt.Sheetal5 -->
      <class name="mavenFramworkCommandPrompt.mavenFramworkCommandPrompt.SheetalTest4">
        <test-method status="PASS" signature="testEight()[pri:0, instance:mavenFramworkCommandPrompt.mavenFramworkCommandPrompt.SheetalTest4@17550481]" name="testEight" duration-ms="1" started-at="2020-07-04T16:35:05Z" finished-at="2020-07-04T16:35:05Z">
          <reporter-output>
          </reporter-output>
        </test-method> <!-- testEight -->
        <test-method status="PASS" signature="testSeven()[pri:0, instance:mavenFramworkCommandPrompt.mavenFramworkCommandPrompt.SheetalTest4@17550481]" name="testSeven" duration-ms="0" started-at="2020-07-04T16:35:05Z" finished-at="2020-07-04T16:35:05Z">
          <reporter-output>
          </reporter-output>
        </test-method> <!-- testSeven -->
      </class> <!-- mavenFramworkCommandPrompt.mavenFramworkCommandPrompt.SheetalTest4 -->
    </test> <!-- Test -->
  </suite> <!-- Suite -->
</testng-results>
