<?xml version="1.0" encoding="UTF-8"?>
<testng-results skipped="0" failed="0" ignored="0" total="10" passed="10">
  <reporter-output>
  </reporter-output>
  <suite name="Suite" duration-ms="124" started-at="2020-06-20T10:05:33Z" finished-at="2020-06-20T10:05:33Z">
    <groups>
    </groups>
    <test name="Test" duration-ms="124" started-at="2020-06-20T10:05:33Z" finished-at="2020-06-20T10:05:33Z">
      <class name="mavenFramworkCommandPrompt.mavenFramworkCommandPrompt.SheetalTest3">
        <test-method status="PASS" signature="testFive()[pri:0, instance:mavenFramworkCommandPrompt.mavenFramworkCommandPrompt.SheetalTest3@36d4b5c]" name="testFive" duration-ms="1" started-at="2020-06-20T15:35:33Z" finished-at="2020-06-20T15:35:33Z">
          <reporter-output>
          </reporter-output>
        </test-method> <!-- testFive -->
        <test-method status="PASS" signature="testSix()[pri:0, instance:mavenFramworkCommandPrompt.mavenFramworkCommandPrompt.SheetalTest3@36d4b5c]" name="testSix" duration-ms="4" started-at="2020-06-20T15:35:33Z" finished-at="2020-06-20T15:35:33Z">
          <reporter-output>
          </reporter-output>
        </test-method> <!-- testSix -->
      </class> <!-- mavenFramworkCommandPrompt.mavenFramworkCommandPrompt.SheetalTest3 -->
      <class name="mavenFramworkCommandPrompt.mavenFramworkCommandPrompt.SheetalTest2">
        <test-method status="PASS" signature="testFour()[pri:0, instance:mavenFramworkCommandPrompt.mavenFramworkCommandPrompt.SheetalTest2@2ef5e5e3]" name="testFour" duration-ms="1" started-at="2020-06-20T15:35:33Z" finished-at="2020-06-20T15:35:33Z">
          <reporter-output>
          </reporter-output>
        </test-method> <!-- testFour -->
        <test-method status="PASS" signature="testThree()[pri:0, instance:mavenFramworkCommandPrompt.mavenFramworkCommandPrompt.SheetalTest2@2ef5e5e3]" name="testThree" duration-ms="3" started-at="2020-06-20T15:35:33Z" finished-at="2020-06-20T15:35:33Z">
          <reporter-output>
          </reporter-output>
        </test-method> <!-- testThree -->
      </class> <!-- mavenFramworkCommandPrompt.mavenFramworkCommandPrompt.SheetalTest2 -->
      <class name="mavenFramworkCommandPrompt.mavenFramworkCommandPrompt.SheetalTest1">
        <test-method status="PASS" signature="testOne()[pri:0, instance:mavenFramworkCommandPrompt.mavenFramworkCommandPrompt.SheetalTest1@3a82f6ef]" name="testOne" duration-ms="15" started-at="2020-06-20T15:35:33Z" finished-at="2020-06-20T15:35:33Z">
          <reporter-output>
          </reporter-output>
        </test-method> <!-- testOne -->
        <test-method status="PASS" signature="testTwo()[pri:0, instance:mavenFramworkCommandPrompt.mavenFramworkCommandPrompt.SheetalTest1@3a82f6ef]" name="testTwo" duration-ms="8" started-at="2020-06-20T15:35:33Z" finished-at="2020-06-20T15:35:33Z">
          <reporter-output>
          </reporter-output>
        </test-method> <!-- testTwo -->
      </class> <!-- mavenFramworkCommandPrompt.mavenFramworkCommandPrompt.SheetalTest1 -->
      <class name="mavenFramworkCommandPrompt.mavenFramworkCommandPrompt.Sheetal5">
        <test-method status="PASS" signature="testNine()[pri:0, instance:mavenFramworkCommandPrompt.mavenFramworkCommandPrompt.Sheetal5@51efea79]" name="testNine" duration-ms="4" started-at="2020-06-20T15:35:33Z" finished-at="2020-06-20T15:35:33Z">
          <reporter-output>
          </reporter-output>
        </test-method> <!-- testNine -->
        <test-method status="PASS" signature="testTen()[pri:0, instance:mavenFramworkCommandPrompt.mavenFramworkCommandPrompt.Sheetal5@51efea79]" name="testTen" duration-ms="3" started-at="2020-06-20T15:35:33Z" finished-at="2020-06-20T15:35:33Z">
          <reporter-output>
          </reporter-output>
        </test-method> <!-- testTen -->
      </class> <!-- mavenFramworkCommandPrompt.mavenFramworkCommandPrompt.Sheetal5 -->
      <class name="mavenFramworkCommandPrompt.mavenFramworkCommandPrompt.SheetalTest4">
        <test-method status="PASS" signature="testEight()[pri:0, instance:mavenFramworkCommandPrompt.mavenFramworkCommandPrompt.SheetalTest4@6d00a15d]" name="testEight" duration-ms="4" started-at="2020-06-20T15:35:33Z" finished-at="2020-06-20T15:35:33Z">
          <reporter-output>
          </reporter-output>
        </test-method> <!-- testEight -->
        <test-method status="PASS" signature="testSeven()[pri:0, instance:mavenFramworkCommandPrompt.mavenFramworkCommandPrompt.SheetalTest4@6d00a15d]" name="testSeven" duration-ms="0" started-at="2020-06-20T15:35:33Z" finished-at="2020-06-20T15:35:33Z">
          <reporter-output>
          </reporter-output>
        </test-method> <!-- testSeven -->
      </class> <!-- mavenFramworkCommandPrompt.mavenFramworkCommandPrompt.SheetalTest4 -->
    </test> <!-- Test -->
  </suite> <!-- Suite -->
</testng-results>
